# JRE version: Java(TM) SE Runtime Environment (8.0_271-b09) (build 1.8.0_271-b09)
# Java VM: Java HotSpot(TM) 64-Bit Server VM (25.271-b09 mixed mode windows-amd64 compressed oops)
Heap:
 PSYoungGen      total 228352K, used 70174K [0x00000000d6200000, 0x00000000edb00000, 0x0000000100000000)
  eden space 205312K, 22% used [0x00000000d6200000,0x00000000d900d408,0x00000000e2a80000)
  from space 23040K, 99% used [0x00000000e2a80000,0x00000000e40fa680,0x00000000e4100000)
  to   space 28672K, 0% used [0x00000000ebf00000,0x00000000ebf00000,0x00000000edb00000)
 ParOldGen       total 86016K, used 47813K [0x0000000082600000, 0x0000000087a00000, 0x00000000d6200000)
  object space 86016K, 55% used [0x0000000082600000,0x00000000854b1518,0x0000000087a00000)
 Metaspace       used 19562K, capacity 19956K, committed 20224K, reserved 1067008K
  class space    used 2197K, capacity 2296K, committed 2304K, reserved 1048576K
GC Heap History (10 events):
Event: 4.283 GC heap before
{Heap before GC invocations=7 (full 0):
 PSYoungGen      total 77312K, used 75628K [0x00000000d6200000, 0x00000000db900000, 0x0000000100000000)
  eden space 65536K, 100% used [0x00000000d6200000,0x00000000da200000,0x00000000da200000)
  from space 11776K, 85% used [0x00000000dad80000,0x00000000db75b240,0x00000000db900000)
  to   space 11776K, 0% used [0x00000000da200000,0x00000000da200000,0x00000000dad80000)
 ParOldGen       total 86016K, used 19040K [0x0000000082600000, 0x0000000087a00000, 0x00000000d6200000)
  object space 86016K, 22% used [0x0000000082600000,0x0000000083898320,0x0000000087a00000)
 Metaspace       used 17768K, capacity 18156K, committed 18304K, reserved 1064960K
  class space    used 1992K, capacity 2092K, committed 2176K, reserved 1048576K
Event: 4.295 GC heap after
Heap after GC invocations=7 (full 0):
 PSYoungGen      total 77312K, used 11330K [0x00000000d6200000, 0x00000000dfb00000, 0x0000000100000000)
  eden space 65536K, 0% used [0x00000000d6200000,0x00000000d6200000,0x00000000da200000)
  from space 11776K, 96% used [0x00000000da200000,0x00000000dad109c8,0x00000000dad80000)
  to   space 12800K, 0% used [0x00000000dee80000,0x00000000dee80000,0x00000000dfb00000)
 ParOldGen       total 86016K, used 23151K [0x0000000082600000, 0x0000000087a00000, 0x00000000d6200000)
  object space 86016K, 26% used [0x0000000082600000,0x0000000083c9be40,0x0000000087a00000)
 Metaspace       used 17768K, capacity 18156K, committed 18304K, reserved 1064960K
  class space    used 1992K, capacity 2092K, committed 2176K, reserved 1048576K
}
Event: 4.867 GC heap before
{Heap before GC invocations=8 (full 0):
 PSYoungGen      total 77312K, used 76866K [0x00000000d6200000, 0x00000000dfb00000, 0x0000000100000000)
  eden space 65536K, 100% used [0x00000000d6200000,0x00000000da200000,0x00000000da200000)
  from space 11776K, 96% used [0x00000000da200000,0x00000000dad109c8,0x00000000dad80000)
  to   space 12800K, 0% used [0x00000000dee80000,0x00000000dee80000,0x00000000dfb00000)
 ParOldGen       total 86016K, used 23151K [0x0000000082600000, 0x0000000087a00000, 0x00000000d6200000)
  object space 86016K, 26% used [0x0000000082600000,0x0000000083c9be40,0x0000000087a00000)
 Metaspace       used 17770K, capacity 18156K, committed 18304K, reserved 1064960K
  class space    used 1992K, capacity 2092K, committed 2176K, reserved 1048576K
Event: 4.878 GC heap after
Heap after GC invocations=8 (full 0):
 PSYoungGen      total 143360K, used 11782K [0x00000000d6200000, 0x00000000dfc00000, 0x0000000100000000)
  eden space 130560K, 0% used [0x00000000d6200000,0x00000000d6200000,0x00000000de180000)
  from space 12800K, 92% used [0x00000000dee80000,0x00000000dfa01a80,0x00000000dfb00000)
  to   space 13312K, 0% used [0x00000000de180000,0x00000000de180000,0x00000000dee80000)
 ParOldGen       total 86016K, used 23645K [0x0000000082600000, 0x0000000087a00000, 0x00000000d6200000)
  object space 86016K, 27% used [0x0000000082600000,0x0000000083d175c0,0x0000000087a00000)
 Metaspace       used 17770K, capacity 18156K, committed 18304K, reserved 1064960K
  class space    used 1992K, capacity 2092K, committed 2176K, reserved 1048576K
}
Event: 5.519 GC heap before
{Heap before GC invocations=9 (full 0):
 PSYoungGen      total 143360K, used 142342K [0x00000000d6200000, 0x00000000dfc00000, 0x0000000100000000)
  eden space 130560K, 100% used [0x00000000d6200000,0x00000000de180000,0x00000000de180000)
  from space 12800K, 92% used [0x00000000dee80000,0x00000000dfa01a80,0x00000000dfb00000)
  to   space 13312K, 0% used [0x00000000de180000,0x00000000de180000,0x00000000dee80000)
 ParOldGen       total 86016K, used 23645K [0x0000000082600000, 0x0000000087a00000, 0x00000000d6200000)
  object space 86016K, 27% used [0x0000000082600000,0x0000000083d175c0,0x0000000087a00000)
 Metaspace       used 17773K, capacity 18156K, committed 18304K, reserved 1064960K
  class space    used 1992K, capacity 2092K, committed 2176K, reserved 1048576K
Event: 5.537 GC heap after
Heap after GC invocations=9 (full 0):
 PSYoungGen      total 143872K, used 13305K [0x00000000d6200000, 0x00000000e5400000, 0x0000000100000000)
  eden space 130560K, 0% used [0x00000000d6200000,0x00000000d6200000,0x00000000de180000)
  from space 13312K, 99% used [0x00000000de180000,0x00000000dee7e428,0x00000000dee80000)
  to   space 19456K, 0% used [0x00000000e4100000,0x00000000e4100000,0x00000000e5400000)
 ParOldGen       total 86016K, used 36259K [0x0000000082600000, 0x0000000087a00000, 0x00000000d6200000)
  object space 86016K, 42% used [0x0000000082600000,0x0000000084968e18,0x0000000087a00000)
 Metaspace       used 17773K, capacity 18156K, committed 18304K, reserved 1064960K
  class space    used 1992K, capacity 2092K, committed 2176K, reserved 1048576K
}
Event: 5.980 GC heap before
{Heap before GC invocations=10 (full 0):
 PSYoungGen      total 143872K, used 143865K [0x00000000d6200000, 0x00000000e5400000, 0x0000000100000000)
  eden space 130560K, 100% used [0x00000000d6200000,0x00000000de180000,0x00000000de180000)
  from space 13312K, 99% used [0x00000000de180000,0x00000000dee7e428,0x00000000dee80000)
  to   space 19456K, 0% used [0x00000000e4100000,0x00000000e4100000,0x00000000e5400000)
 ParOldGen       total 86016K, used 36259K [0x0000000082600000, 0x0000000087a00000, 0x00000000d6200000)
  object space 86016K, 42% used [0x0000000082600000,0x0000000084968e18,0x0000000087a00000)
 Metaspace       used 17869K, capacity 18226K, committed 18560K, reserved 1064960K
  class space    used 1996K, capacity 2093K, committed 2176K, reserved 1048576K
Event: 5.997 GC heap after
Heap after GC invocations=10 (full 0):
 PSYoungGen      total 224768K, used 19451K [0x00000000d6200000, 0x00000000e5b00000, 0x0000000100000000)
  eden space 205312K, 0% used [0x00000000d6200000,0x00000000d6200000,0x00000000e2a80000)
  from space 19456K, 99% used [0x00000000e4100000,0x00000000e53fef50,0x00000000e5400000)
  to   space 23040K, 0% used [0x00000000e2a80000,0x00000000e2a80000,0x00000000e4100000)
 ParOldGen       total 86016K, used 40099K [0x0000000082600000, 0x0000000087a00000, 0x00000000d6200000)
  object space 86016K, 46% used [0x0000000082600000,0x0000000084d28c40,0x0000000087a00000)
 Metaspace       used 17869K, capacity 18226K, committed 18560K, reserved 1064960K
  class space    used 1996K, capacity 2093K, committed 2176K, reserved 1048576K
}
Event: 13.874 GC heap before
{Heap before GC invocations=11 (full 0):
 PSYoungGen      total 224768K, used 224763K [0x00000000d6200000, 0x00000000e5b00000, 0x0000000100000000)
  eden space 205312K, 100% used [0x00000000d6200000,0x00000000e2a80000,0x00000000e2a80000)
  from space 19456K, 99% used [0x00000000e4100000,0x00000000e53fef50,0x00000000e5400000)
  to   space 23040K, 0% used [0x00000000e2a80000,0x00000000e2a80000,0x00000000e4100000)
 ParOldGen       total 86016K, used 40099K [0x0000000082600000, 0x0000000087a00000, 0x00000000d6200000)
  object space 86016K, 46% used [0x0000000082600000,0x0000000084d28c40,0x0000000087a00000)
 Metaspace       used 19561K, capacity 19956K, committed 20224K, reserved 1067008K
  class space    used 2197K, capacity 2296K, committed 2304K, reserved 1048576K
Event: 13.912 GC heap after
Heap after GC invocations=11 (full 0):
 PSYoungGen      total 228352K, used 23017K [0x00000000d6200000, 0x00000000edb00000, 0x0000000100000000)
  eden space 205312K, 0% used [0x00000000d6200000,0x00000000d6200000,0x00000000e2a80000)
  from space 23040K, 99% used [0x00000000e2a80000,0x00000000e40fa680,0x00000000e4100000)
  to   space 28672K, 0% used [0x00000000ebf00000,0x00000000ebf00000,0x00000000edb00000)
 ParOldGen       total 86016K, used 47813K [0x0000000082600000, 0x0000000087a00000, 0x00000000d6200000)
  object space 86016K, 55% used [0x0000000082600000,0x00000000854b1518,0x0000000087a00000)
 Metaspace       used 19561K, capacity 19956K, committed 20224K, reserved 1067008K
  class space    used 2197K, capacity 2296K, committed 2304K, reserved 1048576K
}

