# JRE version: Java(TM) SE Runtime Environment (8.0_271-b09) (build 1.8.0_271-b09)
# Java VM: Java HotSpot(TM) 64-Bit Server VM (25.271-b09 mixed mode windows-amd64 compressed oops)
Heap:
 PSYoungGen      total 282112K, used 178576K [0x00000000d6200000, 0x00000000e9500000, 0x0000000100000000)
  eden space 253952K, 59% used [0x00000000d6200000,0x00000000df4e6858,0x00000000e5a00000)
  from space 28160K, 99% used [0x00000000e5a00000,0x00000000e757db88,0x00000000e7580000)
  to   space 24064K, 0% used [0x00000000e7580000,0x00000000e7580000,0x00000000e8d00000)
 ParOldGen       total 86016K, used 46230K [0x0000000082600000, 0x0000000087a00000, 0x00000000d6200000)
  object space 86016K, 53% used [0x0000000082600000,0x0000000085325ab8,0x0000000087a00000)
 Metaspace       used 19703K, capacity 20122K, committed 20352K, reserved 1067008K
  class space    used 2204K, capacity 2329K, committed 2432K, reserved 1048576K
GC Heap History (10 events):
Event: 3.171 GC heap before
{Heap before GC invocations=5 (full 0):
 PSYoungGen      total 70656K, used 70649K [0x00000000d6200000, 0x00000000dac00000, 0x0000000100000000)
  eden space 65536K, 100% used [0x00000000d6200000,0x00000000da200000,0x00000000da200000)
  from space 5120K, 99% used [0x00000000da700000,0x00000000dabfe790,0x00000000dac00000)
  to   space 5120K, 0% used [0x00000000da200000,0x00000000da200000,0x00000000da700000)
 ParOldGen       total 86016K, used 14206K [0x0000000082600000, 0x0000000087a00000, 0x00000000d6200000)
  object space 86016K, 16% used [0x0000000082600000,0x00000000833df990,0x0000000087a00000)
 Metaspace       used 17701K, capacity 18082K, committed 18304K, reserved 1064960K
  class space    used 1989K, capacity 2090K, committed 2176K, reserved 1048576K
Event: 3.181 GC heap after
Heap after GC invocations=5 (full 0):
 PSYoungGen      total 70656K, used 5097K [0x00000000d6200000, 0x00000000dfe00000, 0x0000000100000000)
  eden space 65536K, 0% used [0x00000000d6200000,0x00000000d6200000,0x00000000da200000)
  from space 5120K, 99% used [0x00000000da200000,0x00000000da6fa790,0x00000000da700000)
  to   space 14336K, 0% used [0x00000000df000000,0x00000000df000000,0x00000000dfe00000)
 ParOldGen       total 86016K, used 23241K [0x0000000082600000, 0x0000000087a00000, 0x00000000d6200000)
  object space 86016K, 27% used [0x0000000082600000,0x0000000083cb2498,0x0000000087a00000)
 Metaspace       used 17701K, capacity 18082K, committed 18304K, reserved 1064960K
  class space    used 1989K, capacity 2090K, committed 2176K, reserved 1048576K
}
Event: 3.887 GC heap before
{Heap before GC invocations=6 (full 0):
 PSYoungGen      total 70656K, used 70633K [0x00000000d6200000, 0x00000000dfe00000, 0x0000000100000000)
  eden space 65536K, 100% used [0x00000000d6200000,0x00000000da200000,0x00000000da200000)
  from space 5120K, 99% used [0x00000000da200000,0x00000000da6fa790,0x00000000da700000)
  to   space 14336K, 0% used [0x00000000df000000,0x00000000df000000,0x00000000dfe00000)
 ParOldGen       total 86016K, used 23241K [0x0000000082600000, 0x0000000087a00000, 0x00000000d6200000)
  object space 86016K, 27% used [0x0000000082600000,0x0000000083cb2498,0x0000000087a00000)
 Metaspace       used 17752K, capacity 18156K, committed 18304K, reserved 1064960K
  class space    used 1991K, capacity 2092K, committed 2176K, reserved 1048576K
Event: 3.897 GC heap after
Heap after GC invocations=6 (full 0):
 PSYoungGen      total 143360K, used 14280K [0x00000000d6200000, 0x00000000e0200000, 0x0000000100000000)
  eden space 129024K, 0% used [0x00000000d6200000,0x00000000d6200000,0x00000000de000000)
  from space 14336K, 99% used [0x00000000df000000,0x00000000dfdf2188,0x00000000dfe00000)
  to   space 16384K, 0% used [0x00000000de000000,0x00000000de000000,0x00000000df000000)
 ParOldGen       total 86016K, used 23249K [0x0000000082600000, 0x0000000087a00000, 0x00000000d6200000)
  object space 86016K, 27% used [0x0000000082600000,0x0000000083cb4498,0x0000000087a00000)
 Metaspace       used 17752K, capacity 18156K, committed 18304K, reserved 1064960K
  class space    used 1991K, capacity 2092K, committed 2176K, reserved 1048576K
}
Event: 4.906 GC heap before
{Heap before GC invocations=7 (full 0):
 PSYoungGen      total 143360K, used 143304K [0x00000000d6200000, 0x00000000e0200000, 0x0000000100000000)
  eden space 129024K, 100% used [0x00000000d6200000,0x00000000de000000,0x00000000de000000)
  from space 14336K, 99% used [0x00000000df000000,0x00000000dfdf2188,0x00000000dfe00000)
  to   space 16384K, 0% used [0x00000000de000000,0x00000000de000000,0x00000000df000000)
 ParOldGen       total 86016K, used 23249K [0x0000000082600000, 0x0000000087a00000, 0x00000000d6200000)
  object space 86016K, 27% used [0x0000000082600000,0x0000000083cb4498,0x0000000087a00000)
 Metaspace       used 17756K, capacity 18156K, committed 18304K, reserved 1064960K
  class space    used 1991K, capacity 2092K, committed 2176K, reserved 1048576K
Event: 4.926 GC heap after
Heap after GC invocations=7 (full 0):
 PSYoungGen      total 145408K, used 16370K [0x00000000d6200000, 0x00000000e8d00000, 0x0000000100000000)
  eden space 129024K, 0% used [0x00000000d6200000,0x00000000d6200000,0x00000000de000000)
  from space 16384K, 99% used [0x00000000de000000,0x00000000deffcac8,0x00000000df000000)
  to   space 24064K, 0% used [0x00000000e7580000,0x00000000e7580000,0x00000000e8d00000)
 ParOldGen       total 86016K, used 34107K [0x0000000082600000, 0x0000000087a00000, 0x00000000d6200000)
  object space 86016K, 39% used [0x0000000082600000,0x000000008474ec10,0x0000000087a00000)
 Metaspace       used 17756K, capacity 18156K, committed 18304K, reserved 1064960K
  class space    used 1991K, capacity 2092K, committed 2176K, reserved 1048576K
}
Event: 5.278 GC heap before
{Heap before GC invocations=8 (full 0):
 PSYoungGen      total 145408K, used 145394K [0x00000000d6200000, 0x00000000e8d00000, 0x0000000100000000)
  eden space 129024K, 100% used [0x00000000d6200000,0x00000000de000000,0x00000000de000000)
  from space 16384K, 99% used [0x00000000de000000,0x00000000deffcac8,0x00000000df000000)
  to   space 24064K, 0% used [0x00000000e7580000,0x00000000e7580000,0x00000000e8d00000)
 ParOldGen       total 86016K, used 34107K [0x0000000082600000, 0x0000000087a00000, 0x00000000d6200000)
  object space 86016K, 39% used [0x0000000082600000,0x000000008474ec10,0x0000000087a00000)
 Metaspace       used 17807K, capacity 18162K, committed 18304K, reserved 1064960K
  class space    used 1994K, capacity 2093K, committed 2176K, reserved 1048576K
Event: 5.297 GC heap after
Heap after GC invocations=8 (full 0):
 PSYoungGen      total 278016K, used 24046K [0x00000000d6200000, 0x00000000e9500000, 0x0000000100000000)
  eden space 253952K, 0% used [0x00000000d6200000,0x00000000d6200000,0x00000000e5a00000)
  from space 24064K, 99% used [0x00000000e7580000,0x00000000e8cfb900,0x00000000e8d00000)
  to   space 28160K, 0% used [0x00000000e5a00000,0x00000000e5a00000,0x00000000e7580000)
 ParOldGen       total 86016K, used 36054K [0x0000000082600000, 0x0000000087a00000, 0x00000000d6200000)
  object space 86016K, 41% used [0x0000000082600000,0x0000000084935bc8,0x0000000087a00000)
 Metaspace       used 17807K, capacity 18162K, committed 18304K, reserved 1064960K
  class space    used 1994K, capacity 2093K, committed 2176K, reserved 1048576K
}
Event: 12.275 GC heap before
{Heap before GC invocations=9 (full 0):
 PSYoungGen      total 278016K, used 277998K [0x00000000d6200000, 0x00000000e9500000, 0x0000000100000000)
  eden space 253952K, 100% used [0x00000000d6200000,0x00000000e5a00000,0x00000000e5a00000)
  from space 24064K, 99% used [0x00000000e7580000,0x00000000e8cfb900,0x00000000e8d00000)
  to   space 28160K, 0% used [0x00000000e5a00000,0x00000000e5a00000,0x00000000e7580000)
 ParOldGen       total 86016K, used 36054K [0x0000000082600000, 0x0000000087a00000, 0x00000000d6200000)
  object space 86016K, 41% used [0x0000000082600000,0x0000000084935bc8,0x0000000087a00000)
 Metaspace       used 19531K, capacity 19892K, committed 19968K, reserved 1067008K
  class space    used 2197K, capacity 2296K, committed 2304K, reserved 1048576K
Event: 12.304 GC heap after
Heap after GC invocations=9 (full 0):
 PSYoungGen      total 282112K, used 28150K [0x00000000d6200000, 0x00000000e9500000, 0x0000000100000000)
  eden space 253952K, 0% used [0x00000000d6200000,0x00000000d6200000,0x00000000e5a00000)
  from space 28160K, 99% used [0x00000000e5a00000,0x00000000e757db88,0x00000000e7580000)
  to   space 24064K, 0% used [0x00000000e7580000,0x00000000e7580000,0x00000000e8d00000)
 ParOldGen       total 86016K, used 46230K [0x0000000082600000, 0x0000000087a00000, 0x00000000d6200000)
  object space 86016K, 53% used [0x0000000082600000,0x0000000085325ab8,0x0000000087a00000)
 Metaspace       used 19531K, capacity 19892K, committed 19968K, reserved 1067008K
  class space    used 2197K, capacity 2296K, committed 2304K, reserved 1048576K
}

